{"D:\\test\\vue\\test\\vue-unit\\src\\components\\Form.vue": {"path":"D:\\test\\vue\\test\\vue-unit\\src\\components\\Form.vue","statementMap":{"0":{"start":{"line":1,"column":1},"end":{"line":96,"column":4}},"1":{"start":{"line":4,"column":0},"end":{"line":6,"column":3}},"2":{"start":{"line":8,"column":13},"end":{"line":8,"column":29}},"3":{"start":{"line":10,"column":14},"end":{"line":10,"column":44}},"4":{"start":{"line":12,"column":39},"end":{"line":12,"column":93}},"5":{"start":{"line":14,"column":0},"end":{"line":71,"column":2}},"6":{"start":{"line":16,"column":4},"end":{"line":24,"column":6}},"7":{"start":{"line":32,"column":10},"end":{"line":32,"column":19}},"8":{"start":{"line":32,"column":16},"end":{"line":32,"column":19}},"9":{"start":{"line":33,"column":10},"end":{"line":33,"column":19}},"10":{"start":{"line":33,"column":16},"end":{"line":33,"column":19}},"11":{"start":{"line":34,"column":10},"end":{"line":34,"column":19}},"12":{"start":{"line":34,"column":16},"end":{"line":34,"column":19}},"13":{"start":{"line":42,"column":8},"end":{"line":42,"column":26}},"14":{"start":{"line":50,"column":18},"end":{"line":50,"column":22}},"15":{"start":{"line":52,"column":6},"end":{"line":65,"column":9}},"16":{"start":{"line":53,"column":8},"end":{"line":64,"column":9}},"17":{"start":{"line":54,"column":20},"end":{"line":54,"column":183}},"18":{"start":{"line":55,"column":10},"end":{"line":61,"column":13}},"19":{"start":{"line":56,"column":12},"end":{"line":60,"column":13}},"20":{"start":{"line":57,"column":14},"end":{"line":57,"column":34}},"21":{"start":{"line":59,"column":14},"end":{"line":59,"column":35}},"22":{"start":{"line":63,"column":10},"end":{"line":63,"column":23}},"23":{"start":{"line":68,"column":6},"end":{"line":68,"column":41}},"24":{"start":{"line":97,"column":0},"end":{"line":97,"column":70}},"25":{"start":{"line":97,"column":31},"end":{"line":97,"column":70}},"26":{"start":{"line":98,"column":24},"end":{"line":98,"column":100}},"27":{"start":{"line":99,"column":0},"end":{"line":99,"column":1535}},"28":{"start":{"line":99,"column":54},"end":{"line":99,"column":58}},"29":{"start":{"line":99,"column":66},"end":{"line":99,"column":84}},"30":{"start":{"line":99,"column":92},"end":{"line":99,"column":108}},"31":{"start":{"line":99,"column":109},"end":{"line":99,"column":1534}},"32":{"start":{"line":99,"column":405},"end":{"line":99,"column":440}},"33":{"start":{"line":99,"column":628},"end":{"line":99,"column":663}},"34":{"start":{"line":99,"column":1145},"end":{"line":99,"column":1180}},"35":{"start":{"line":99,"column":1339},"end":{"line":99,"column":1372}},"36":{"start":{"line":99,"column":1471},"end":{"line":99,"column":1503}},"37":{"start":{"line":100,"column":0},"end":{"line":100,"column":37}}},"fnMap":{"0":{"name":"(anonymous_0)","decl":{"start":{"line":1,"column":2},"end":{"line":1,"column":3}},"loc":{"start":{"line":1,"column":12},"end":{"line":96,"column":1}},"line":1},"1":{"name":"_interopRequireDefault","decl":{"start":{"line":12,"column":9},"end":{"line":12,"column":31}},"loc":{"start":{"line":12,"column":37},"end":{"line":12,"column":95}},"line":12},"2":{"name":"data","decl":{"start":{"line":15,"column":17},"end":{"line":15,"column":21}},"loc":{"start":{"line":15,"column":24},"end":{"line":25,"column":3}},"line":15},"3":{"name":"_default","decl":{"start":{"line":30,"column":24},"end":{"line":30,"column":32}},"loc":{"start":{"line":30,"column":35},"end":{"line":36,"column":7}},"line":30},"4":{"name":"handler","decl":{"start":{"line":41,"column":24},"end":{"line":41,"column":31}},"loc":{"start":{"line":41,"column":38},"end":{"line":43,"column":7}},"line":41},"5":{"name":"submitForm","decl":{"start":{"line":49,"column":25},"end":{"line":49,"column":35}},"loc":{"start":{"line":49,"column":46},"end":{"line":66,"column":5}},"line":49},"6":{"name":"(anonymous_6)","decl":{"start":{"line":52,"column":36},"end":{"line":52,"column":37}},"loc":{"start":{"line":52,"column":53},"end":{"line":65,"column":7}},"line":52},"7":{"name":"(anonymous_7)","decl":{"start":{"line":55,"column":40},"end":{"line":55,"column":41}},"loc":{"start":{"line":55,"column":55},"end":{"line":61,"column":11}},"line":55},"8":{"name":"resetForm","decl":{"start":{"line":67,"column":24},"end":{"line":67,"column":33}},"loc":{"start":{"line":67,"column":44},"end":{"line":69,"column":5}},"line":67},"9":{"name":"render","decl":{"start":{"line":99,"column":35},"end":{"line":99,"column":41}},"loc":{"start":{"line":99,"column":45},"end":{"line":99,"column":1535}},"line":99},"10":{"name":"(anonymous_10)","decl":{"start":{"line":99,"column":389},"end":{"line":99,"column":390}},"loc":{"start":{"line":99,"column":404},"end":{"line":99,"column":441}},"line":99},"11":{"name":"(anonymous_11)","decl":{"start":{"line":99,"column":612},"end":{"line":99,"column":613}},"loc":{"start":{"line":99,"column":627},"end":{"line":99,"column":664}},"line":99},"12":{"name":"(anonymous_12)","decl":{"start":{"line":99,"column":1129},"end":{"line":99,"column":1130}},"loc":{"start":{"line":99,"column":1144},"end":{"line":99,"column":1181}},"line":99},"13":{"name":"(anonymous_13)","decl":{"start":{"line":99,"column":1322},"end":{"line":99,"column":1323}},"loc":{"start":{"line":99,"column":1338},"end":{"line":99,"column":1373}},"line":99},"14":{"name":"(anonymous_14)","decl":{"start":{"line":99,"column":1454},"end":{"line":99,"column":1455}},"loc":{"start":{"line":99,"column":1470},"end":{"line":99,"column":1504}},"line":99}},"branchMap":{"0":{"loc":{"start":{"line":12,"column":46},"end":{"line":12,"column":92}},"type":"cond-expr","locations":[{"start":{"line":12,"column":70},"end":{"line":12,"column":73}},{"start":{"line":12,"column":76},"end":{"line":12,"column":92}}],"line":12},"1":{"loc":{"start":{"line":12,"column":46},"end":{"line":12,"column":67}},"type":"binary-expr","locations":[{"start":{"line":12,"column":46},"end":{"line":12,"column":49}},{"start":{"line":12,"column":53},"end":{"line":12,"column":67}}],"line":12},"2":{"loc":{"start":{"line":53,"column":8},"end":{"line":64,"column":9}},"type":"if","locations":[{"start":{"line":53,"column":8},"end":{"line":64,"column":9}},{"start":{"line":53,"column":8},"end":{"line":64,"column":9}}],"line":53},"3":{"loc":{"start":{"line":56,"column":12},"end":{"line":60,"column":13}},"type":"if","locations":[{"start":{"line":56,"column":12},"end":{"line":60,"column":13}},{"start":{"line":56,"column":12},"end":{"line":60,"column":13}}],"line":56},"4":{"loc":{"start":{"line":97,"column":0},"end":{"line":97,"column":70}},"type":"if","locations":[{"start":{"line":97,"column":0},"end":{"line":97,"column":70}},{"start":{"line":97,"column":0},"end":{"line":97,"column":70}}],"line":97},"5":{"loc":{"start":{"line":98,"column":24},"end":{"line":98,"column":100}},"type":"cond-expr","locations":[{"start":{"line":98,"column":62},"end":{"line":98,"column":84}},{"start":{"line":98,"column":86},"end":{"line":98,"column":100}}],"line":98},"6":{"loc":{"start":{"line":99,"column":92},"end":{"line":99,"column":108}},"type":"binary-expr","locations":[{"start":{"line":99,"column":92},"end":{"line":99,"column":104}},{"start":{"line":99,"column":106},"end":{"line":99,"column":108}}],"line":99}},"s":{"0":3,"1":3,"2":3,"3":3,"4":3,"5":3,"6":5,"7":0,"8":0,"9":0,"10":0,"11":0,"12":0,"13":0,"14":4,"15":4,"16":4,"17":1,"18":1,"19":1,"20":1,"21":0,"22":3,"23":0,"24":3,"25":3,"26":3,"27":3,"28":5,"29":5,"30":5,"31":5,"32":0,"33":0,"34":0,"35":4,"36":0,"37":3},"f":{"0":3,"1":3,"2":5,"3":0,"4":0,"5":4,"6":4,"7":1,"8":0,"9":5,"10":0,"11":0,"12":0,"13":4,"14":0},"b":{"0":[0,3],"1":[3,3],"2":[1,3],"3":[1,0],"4":[3,0],"5":[0,3],"6":[5,0]},"_coverageSchema":"332fd63041d2c1bcb487cc26dd0d5f7d97098a6c","hash":"ebf5022b0651833712278e26f4fd211b97523272"}
,"d:\\test\\vue\\test\\vue-unit\\src\\components\\Form.vue": {"path":"d:\\test\\vue\\test\\vue-unit\\src\\components\\Form.vue","statementMap":{"0":{"start":{"line":27,"column":0},"end":{"line":null,"column":-1}},"1":{"start":{"line":29,"column":0},"end":{"line":null,"column":-1}},"2":{"start":{"line":30,"column":0},"end":{"line":44,"column":0}},"3":{"start":{"line":51,"column":0},"end":{"line":null,"column":-1}},"4":{"start":{"line":52,"column":0},"end":{"line":null,"column":-1}},"5":{"start":{"line":53,"column":0},"end":{"line":null,"column":-1}},"6":{"start":{"line":54,"column":0},"end":{"line":null,"column":-1}},"7":{"start":{"line":61,"column":0},"end":{"line":null,"column":-1}},"8":{"start":{"line":62,"column":0},"end":{"line":null,"column":-1}},"9":{"start":{"line":68,"column":0},"end":{"line":null,"column":-1}},"10":{"start":{"line":69,"column":0},"end":{"line":82,"column":0}},"11":{"start":{"line":69,"column":0},"end":{"line":null,"column":-1}},"12":{"start":{"line":70,"column":0},"end":{"line":81,"column":0}},"13":{"start":{"line":71,"column":0},"end":{"line":null,"column":-1}},"14":{"start":{"line":72,"column":0},"end":{"line":78,"column":0}},"15":{"start":{"line":72,"column":0},"end":{"line":null,"column":-1}},"16":{"start":{"line":73,"column":0},"end":{"line":77,"column":0}},"17":{"start":{"line":73,"column":0},"end":{"line":null,"column":-1}},"18":{"start":{"line":74,"column":0},"end":{"line":null,"column":-1}},"19":{"start":{"line":75,"column":0},"end":{"line":null,"column":-1}},"20":{"start":{"line":76,"column":0},"end":{"line":null,"column":-1}},"21":{"start":{"line":79,"column":0},"end":{"line":null,"column":-1}},"22":{"start":{"line":80,"column":0},"end":{"line":null,"column":-1}},"23":{"start":{"line":84,"column":0},"end":{"line":null,"column":-1}},"24":{"start":{"line":85,"column":0},"end":{"line":null,"column":-1}}},"fnMap":{"0":{"name":"data","decl":{"start":{"line":29,"column":0},"end":{"line":null,"column":-1}},"loc":{"start":{"line":29,"column":0},"end":{"line":46,"column":0}}},"1":{"name":"_default","decl":{"start":{"line":50,"column":0},"end":{"line":null,"column":-1}},"loc":{"start":{"line":50,"column":0},"end":{"line":56,"column":0}}},"2":{"name":"handler","decl":{"start":{"line":61,"column":0},"end":{"line":null,"column":-1}},"loc":{"start":{"line":61,"column":0},"end":{"line":63,"column":0}}},"3":{"name":"submitForm","decl":{"start":{"line":68,"column":0},"end":{"line":null,"column":-1}},"loc":{"start":{"line":68,"column":0},"end":{"line":83,"column":0}}},"4":{"name":"(anonymous_6)","decl":{"start":{"line":69,"column":0},"end":{"line":null,"column":-1}},"loc":{"start":{"line":69,"column":0},"end":{"line":82,"column":0}}},"5":{"name":"(anonymous_7)","decl":{"start":{"line":72,"column":0},"end":{"line":null,"column":-1}},"loc":{"start":{"line":72,"column":0},"end":{"line":78,"column":0}}},"6":{"name":"resetForm","decl":{"start":{"line":84,"column":0},"end":{"line":null,"column":-1}},"loc":{"start":{"line":84,"column":0},"end":{"line":86,"column":0}}}},"branchMap":{"0":{"loc":{"start":{"line":70,"column":0},"end":{"line":81,"column":0}},"type":"if","locations":[{"start":{"line":70,"column":0},"end":{"line":81,"column":0}},{"start":{"line":70,"column":0},"end":{"line":81,"column":0}}]},"1":{"loc":{"start":{"line":73,"column":0},"end":{"line":77,"column":0}},"type":"if","locations":[{"start":{"line":73,"column":0},"end":{"line":77,"column":0}},{"start":{"line":73,"column":0},"end":{"line":77,"column":0}}]}},"s":{"0":0,"1":0,"2":0,"3":0,"4":0,"5":0,"6":0,"7":0,"8":0,"9":0,"10":0,"11":0,"12":0,"13":0,"14":0,"15":0,"16":0,"17":0,"18":0,"19":0,"20":0,"21":0,"22":0,"23":0,"24":0},"f":{"0":0,"1":0,"2":0,"3":0,"4":0,"5":0,"6":0},"b":{"0":[0,0],"1":[0,0]}}
,"D:\\test\\vue\\test\\vue-unit\\src\\components\\Main.vue": {"path":"D:\\test\\vue\\test\\vue-unit\\src\\components\\Main.vue","statementMap":{"0":{"start":{"line":1,"column":1},"end":{"line":51,"column":4}},"1":{"start":{"line":4,"column":0},"end":{"line":6,"column":3}},"2":{"start":{"line":8,"column":12},"end":{"line":8,"column":29}},"3":{"start":{"line":10,"column":13},"end":{"line":10,"column":42}},"4":{"start":{"line":12,"column":12},"end":{"line":12,"column":43}},"5":{"start":{"line":14,"column":13},"end":{"line":14,"column":42}},"6":{"start":{"line":16,"column":39},"end":{"line":16,"column":93}},"7":{"start":{"line":34,"column":0},"end":{"line":50,"column":2}},"8":{"start":{"line":36,"column":4},"end":{"line":44,"column":6}},"9":{"start":{"line":52,"column":0},"end":{"line":52,"column":70}},"10":{"start":{"line":52,"column":31},"end":{"line":52,"column":70}},"11":{"start":{"line":53,"column":24},"end":{"line":53,"column":100}},"12":{"start":{"line":54,"column":0},"end":{"line":54,"column":678}},"13":{"start":{"line":54,"column":54},"end":{"line":54,"column":58}},"14":{"start":{"line":54,"column":66},"end":{"line":54,"column":84}},"15":{"start":{"line":54,"column":92},"end":{"line":54,"column":108}},"16":{"start":{"line":54,"column":109},"end":{"line":54,"column":677}},"17":{"start":{"line":54,"column":325},"end":{"line":54,"column":344}},"18":{"start":{"line":55,"column":0},"end":{"line":55,"column":37}}},"fnMap":{"0":{"name":"(anonymous_0)","decl":{"start":{"line":1,"column":2},"end":{"line":1,"column":3}},"loc":{"start":{"line":1,"column":12},"end":{"line":51,"column":1}},"line":1},"1":{"name":"_interopRequireDefault","decl":{"start":{"line":16,"column":9},"end":{"line":16,"column":31}},"loc":{"start":{"line":16,"column":37},"end":{"line":16,"column":95}},"line":16},"2":{"name":"data","decl":{"start":{"line":35,"column":17},"end":{"line":35,"column":21}},"loc":{"start":{"line":35,"column":24},"end":{"line":45,"column":3}},"line":35},"3":{"name":"render","decl":{"start":{"line":54,"column":35},"end":{"line":54,"column":41}},"loc":{"start":{"line":54,"column":45},"end":{"line":54,"column":678}},"line":54},"4":{"name":"(anonymous_4)","decl":{"start":{"line":54,"column":309},"end":{"line":54,"column":310}},"loc":{"start":{"line":54,"column":324},"end":{"line":54,"column":345}},"line":54}},"branchMap":{"0":{"loc":{"start":{"line":16,"column":46},"end":{"line":16,"column":92}},"type":"cond-expr","locations":[{"start":{"line":16,"column":70},"end":{"line":16,"column":73}},{"start":{"line":16,"column":76},"end":{"line":16,"column":92}}],"line":16},"1":{"loc":{"start":{"line":16,"column":46},"end":{"line":16,"column":67}},"type":"binary-expr","locations":[{"start":{"line":16,"column":46},"end":{"line":16,"column":49}},{"start":{"line":16,"column":53},"end":{"line":16,"column":67}}],"line":16},"2":{"loc":{"start":{"line":52,"column":0},"end":{"line":52,"column":70}},"type":"if","locations":[{"start":{"line":52,"column":0},"end":{"line":52,"column":70}},{"start":{"line":52,"column":0},"end":{"line":52,"column":70}}],"line":52},"3":{"loc":{"start":{"line":53,"column":24},"end":{"line":53,"column":100}},"type":"cond-expr","locations":[{"start":{"line":53,"column":62},"end":{"line":53,"column":84}},{"start":{"line":53,"column":86},"end":{"line":53,"column":100}}],"line":53},"4":{"loc":{"start":{"line":54,"column":92},"end":{"line":54,"column":108}},"type":"binary-expr","locations":[{"start":{"line":54,"column":92},"end":{"line":54,"column":104}},{"start":{"line":54,"column":106},"end":{"line":54,"column":108}}],"line":54},"5":{"loc":{"start":{"line":54,"column":386},"end":{"line":54,"column":514}},"type":"cond-expr","locations":[{"start":{"line":54,"column":404},"end":{"line":54,"column":505}},{"start":{"line":54,"column":506},"end":{"line":54,"column":514}}],"line":54}},"s":{"0":1,"1":1,"2":1,"3":1,"4":1,"5":1,"6":2,"7":1,"8":1,"9":1,"10":1,"11":1,"12":1,"13":2,"14":2,"15":2,"16":2,"17":0,"18":1},"f":{"0":1,"1":2,"2":1,"3":2,"4":0},"b":{"0":[0,2],"1":[2,2],"2":[1,0],"3":[0,1],"4":[2,0],"5":[1,1]},"_coverageSchema":"332fd63041d2c1bcb487cc26dd0d5f7d97098a6c","hash":"6d7a9132d43fccd016b3835bf0142c13ea48b653"}
,"d:\\test\\vue\\test\\vue-unit\\src\\components\\Main.vue": {"path":"d:\\test\\vue\\test\\vue-unit\\src\\components\\Main.vue","statementMap":{"0":{"start":{"line":17,"column":0},"end":{"line":null,"column":-1}},"1":{"start":{"line":18,"column":0},"end":{"line":null,"column":-1}},"2":{"start":{"line":21,"column":0},"end":{"line":null,"column":-1}},"3":{"start":{"line":22,"column":0},"end":{"line":28,"column":0}}},"fnMap":{"0":{"name":"data","decl":{"start":{"line":21,"column":0},"end":{"line":null,"column":-1}},"loc":{"start":{"line":21,"column":0},"end":{"line":31,"column":0}}}},"branchMap":{},"s":{"0":0,"1":0,"2":0,"3":0},"f":{"0":0},"b":{}}
}
