{"D:\\test\\vue\\test\\vue-unit\\src\\components\\Form.vue": {"path":"D:\\test\\vue\\test\\vue-unit\\src\\components\\Form.vue","statementMap":{"0":{"start":{"line":1,"column":1},"end":{"line":77,"column":4}},"1":{"start":{"line":4,"column":0},"end":{"line":6,"column":3}},"2":{"start":{"line":8,"column":13},"end":{"line":8,"column":29}},"3":{"start":{"line":10,"column":14},"end":{"line":10,"column":44}},"4":{"start":{"line":12,"column":39},"end":{"line":12,"column":93}},"5":{"start":{"line":14,"column":0},"end":{"line":52,"column":2}},"6":{"start":{"line":16,"column":4},"end":{"line":32,"column":6}},"7":{"start":{"line":37,"column":6},"end":{"line":46,"column":9}},"8":{"start":{"line":38,"column":8},"end":{"line":45,"column":9}},"9":{"start":{"line":39,"column":10},"end":{"line":41,"column":13}},"10":{"start":{"line":40,"column":12},"end":{"line":40,"column":29}},"11":{"start":{"line":43,"column":10},"end":{"line":43,"column":40}},"12":{"start":{"line":44,"column":10},"end":{"line":44,"column":23}},"13":{"start":{"line":49,"column":6},"end":{"line":49,"column":41}},"14":{"start":{"line":78,"column":0},"end":{"line":78,"column":70}},"15":{"start":{"line":78,"column":31},"end":{"line":78,"column":70}},"16":{"start":{"line":79,"column":24},"end":{"line":79,"column":100}},"17":{"start":{"line":80,"column":0},"end":{"line":80,"column":1493}},"18":{"start":{"line":80,"column":54},"end":{"line":80,"column":58}},"19":{"start":{"line":80,"column":66},"end":{"line":80,"column":84}},"20":{"start":{"line":80,"column":92},"end":{"line":80,"column":108}},"21":{"start":{"line":80,"column":109},"end":{"line":80,"column":1492}},"22":{"start":{"line":80,"column":405},"end":{"line":80,"column":440}},"23":{"start":{"line":80,"column":628},"end":{"line":80,"column":663}},"24":{"start":{"line":80,"column":1145},"end":{"line":80,"column":1180}},"25":{"start":{"line":80,"column":1317},"end":{"line":80,"column":1350}},"26":{"start":{"line":80,"column":1429},"end":{"line":80,"column":1461}},"27":{"start":{"line":81,"column":0},"end":{"line":81,"column":37}}},"fnMap":{"0":{"name":"(anonymous_0)","decl":{"start":{"line":1,"column":2},"end":{"line":1,"column":3}},"loc":{"start":{"line":1,"column":12},"end":{"line":77,"column":1}},"line":1},"1":{"name":"_interopRequireDefault","decl":{"start":{"line":12,"column":9},"end":{"line":12,"column":31}},"loc":{"start":{"line":12,"column":37},"end":{"line":12,"column":95}},"line":12},"2":{"name":"data","decl":{"start":{"line":15,"column":17},"end":{"line":15,"column":21}},"loc":{"start":{"line":15,"column":24},"end":{"line":33,"column":3}},"line":15},"3":{"name":"submitForm","decl":{"start":{"line":36,"column":25},"end":{"line":36,"column":35}},"loc":{"start":{"line":36,"column":46},"end":{"line":47,"column":5}},"line":36},"4":{"name":"(anonymous_4)","decl":{"start":{"line":37,"column":36},"end":{"line":37,"column":37}},"loc":{"start":{"line":37,"column":53},"end":{"line":46,"column":7}},"line":37},"5":{"name":"(anonymous_5)","decl":{"start":{"line":39,"column":94},"end":{"line":39,"column":95}},"loc":{"start":{"line":39,"column":109},"end":{"line":41,"column":11}},"line":39},"6":{"name":"resetForm","decl":{"start":{"line":48,"column":24},"end":{"line":48,"column":33}},"loc":{"start":{"line":48,"column":44},"end":{"line":50,"column":5}},"line":48},"7":{"name":"render","decl":{"start":{"line":80,"column":35},"end":{"line":80,"column":41}},"loc":{"start":{"line":80,"column":45},"end":{"line":80,"column":1493}},"line":80},"8":{"name":"(anonymous_8)","decl":{"start":{"line":80,"column":389},"end":{"line":80,"column":390}},"loc":{"start":{"line":80,"column":404},"end":{"line":80,"column":441}},"line":80},"9":{"name":"(anonymous_9)","decl":{"start":{"line":80,"column":612},"end":{"line":80,"column":613}},"loc":{"start":{"line":80,"column":627},"end":{"line":80,"column":664}},"line":80},"10":{"name":"(anonymous_10)","decl":{"start":{"line":80,"column":1129},"end":{"line":80,"column":1130}},"loc":{"start":{"line":80,"column":1144},"end":{"line":80,"column":1181}},"line":80},"11":{"name":"(anonymous_11)","decl":{"start":{"line":80,"column":1300},"end":{"line":80,"column":1301}},"loc":{"start":{"line":80,"column":1316},"end":{"line":80,"column":1351}},"line":80},"12":{"name":"(anonymous_12)","decl":{"start":{"line":80,"column":1412},"end":{"line":80,"column":1413}},"loc":{"start":{"line":80,"column":1428},"end":{"line":80,"column":1462}},"line":80}},"branchMap":{"0":{"loc":{"start":{"line":12,"column":46},"end":{"line":12,"column":92}},"type":"cond-expr","locations":[{"start":{"line":12,"column":70},"end":{"line":12,"column":73}},{"start":{"line":12,"column":76},"end":{"line":12,"column":92}}],"line":12},"1":{"loc":{"start":{"line":12,"column":46},"end":{"line":12,"column":67}},"type":"binary-expr","locations":[{"start":{"line":12,"column":46},"end":{"line":12,"column":49}},{"start":{"line":12,"column":53},"end":{"line":12,"column":67}}],"line":12},"2":{"loc":{"start":{"line":38,"column":8},"end":{"line":45,"column":9}},"type":"if","locations":[{"start":{"line":38,"column":8},"end":{"line":45,"column":9}},{"start":{"line":38,"column":8},"end":{"line":45,"column":9}}],"line":38},"3":{"loc":{"start":{"line":78,"column":0},"end":{"line":78,"column":70}},"type":"if","locations":[{"start":{"line":78,"column":0},"end":{"line":78,"column":70}},{"start":{"line":78,"column":0},"end":{"line":78,"column":70}}],"line":78},"4":{"loc":{"start":{"line":79,"column":24},"end":{"line":79,"column":100}},"type":"cond-expr","locations":[{"start":{"line":79,"column":62},"end":{"line":79,"column":84}},{"start":{"line":79,"column":86},"end":{"line":79,"column":100}}],"line":79},"5":{"loc":{"start":{"line":80,"column":92},"end":{"line":80,"column":108}},"type":"binary-expr","locations":[{"start":{"line":80,"column":92},"end":{"line":80,"column":104}},{"start":{"line":80,"column":106},"end":{"line":80,"column":108}}],"line":80}},"s":{"0":1,"1":1,"2":1,"3":1,"4":1,"5":1,"6":1,"7":0,"8":0,"9":0,"10":0,"11":0,"12":0,"13":0,"14":1,"15":1,"16":1,"17":1,"18":1,"19":1,"20":1,"21":1,"22":0,"23":0,"24":0,"25":0,"26":0,"27":1},"f":{"0":1,"1":1,"2":1,"3":0,"4":0,"5":0,"6":0,"7":1,"8":0,"9":0,"10":0,"11":0,"12":0},"b":{"0":[0,1],"1":[1,1],"2":[0,0],"3":[1,0],"4":[0,1],"5":[1,0]},"_coverageSchema":"332fd63041d2c1bcb487cc26dd0d5f7d97098a6c","hash":"fe9d557e0623cc84f07415386554e968c71dc749"}
,"d:\\test\\vue\\test\\vue-unit\\src\\components\\Form.vue": {"path":"d:\\test\\vue\\test\\vue-unit\\src\\components\\Form.vue","statementMap":{"0":{"start":{"line":27,"column":0},"end":{"line":null,"column":-1}},"1":{"start":{"line":29,"column":0},"end":{"line":null,"column":-1}},"2":{"start":{"line":30,"column":0},"end":{"line":49,"column":0}},"3":{"start":{"line":56,"column":0},"end":{"line":null,"column":-1}},"4":{"start":{"line":57,"column":0},"end":{"line":66,"column":0}},"5":{"start":{"line":57,"column":0},"end":{"line":null,"column":-1}},"6":{"start":{"line":58,"column":0},"end":{"line":65,"column":0}},"7":{"start":{"line":58,"column":0},"end":{"line":null,"column":-1}},"8":{"start":{"line":59,"column":0},"end":{"line":61,"column":0}},"9":{"start":{"line":59,"column":0},"end":{"line":null,"column":-1}},"10":{"start":{"line":60,"column":0},"end":{"line":null,"column":-1}},"11":{"start":{"line":62,"column":0},"end":{"line":null,"column":-1}},"12":{"start":{"line":63,"column":0},"end":{"line":null,"column":-1}},"13":{"start":{"line":64,"column":0},"end":{"line":null,"column":-1}},"14":{"start":{"line":68,"column":0},"end":{"line":null,"column":-1}},"15":{"start":{"line":69,"column":0},"end":{"line":null,"column":-1}}},"fnMap":{"0":{"name":"data","decl":{"start":{"line":29,"column":0},"end":{"line":null,"column":-1}},"loc":{"start":{"line":29,"column":0},"end":{"line":54,"column":0}}},"1":{"name":"submitForm","decl":{"start":{"line":56,"column":0},"end":{"line":null,"column":-1}},"loc":{"start":{"line":56,"column":0},"end":{"line":67,"column":0}}},"2":{"name":"(anonymous_4)","decl":{"start":{"line":57,"column":0},"end":{"line":null,"column":-1}},"loc":{"start":{"line":57,"column":0},"end":{"line":66,"column":0}}},"3":{"name":"(anonymous_5)","decl":{"start":{"line":59,"column":0},"end":{"line":null,"column":-1}},"loc":{"start":{"line":59,"column":0},"end":{"line":61,"column":0}}},"4":{"name":"resetForm","decl":{"start":{"line":68,"column":0},"end":{"line":null,"column":-1}},"loc":{"start":{"line":68,"column":0},"end":{"line":70,"column":0}}}},"branchMap":{"0":{"loc":{"start":{"line":58,"column":0},"end":{"line":65,"column":0}},"type":"if","locations":[{"start":{"line":58,"column":0},"end":{"line":65,"column":0}},{"start":{"line":58,"column":0},"end":{"line":65,"column":0}}]}},"s":{"0":0,"1":0,"2":0,"3":0,"4":0,"5":0,"6":0,"7":0,"8":0,"9":0,"10":0,"11":0,"12":0,"13":0,"14":0,"15":0},"f":{"0":0,"1":0,"2":0,"3":0,"4":0},"b":{"0":[0,0]}}
,"D:\\test\\vue\\test\\vue-unit\\src\\components\\Main.vue": {"path":"D:\\test\\vue\\test\\vue-unit\\src\\components\\Main.vue","statementMap":{"0":{"start":{"line":1,"column":1},"end":{"line":50,"column":4}},"1":{"start":{"line":4,"column":0},"end":{"line":6,"column":3}},"2":{"start":{"line":8,"column":12},"end":{"line":8,"column":29}},"3":{"start":{"line":10,"column":13},"end":{"line":10,"column":42}},"4":{"start":{"line":12,"column":14},"end":{"line":12,"column":33}},"5":{"start":{"line":14,"column":15},"end":{"line":14,"column":46}},"6":{"start":{"line":16,"column":12},"end":{"line":16,"column":43}},"7":{"start":{"line":18,"column":13},"end":{"line":18,"column":42}},"8":{"start":{"line":20,"column":39},"end":{"line":20,"column":93}},"9":{"start":{"line":22,"column":0},"end":{"line":34,"column":2}},"10":{"start":{"line":24,"column":4},"end":{"line":27,"column":6}},"11":{"start":{"line":51,"column":0},"end":{"line":51,"column":70}},"12":{"start":{"line":51,"column":31},"end":{"line":51,"column":70}},"13":{"start":{"line":52,"column":24},"end":{"line":52,"column":100}},"14":{"start":{"line":53,"column":0},"end":{"line":53,"column":634}},"15":{"start":{"line":53,"column":54},"end":{"line":53,"column":58}},"16":{"start":{"line":53,"column":66},"end":{"line":53,"column":84}},"17":{"start":{"line":53,"column":92},"end":{"line":53,"column":108}},"18":{"start":{"line":53,"column":109},"end":{"line":53,"column":633}},"19":{"start":{"line":53,"column":323},"end":{"line":53,"column":342}},"20":{"start":{"line":54,"column":0},"end":{"line":54,"column":37}}},"fnMap":{"0":{"name":"(anonymous_0)","decl":{"start":{"line":1,"column":2},"end":{"line":1,"column":3}},"loc":{"start":{"line":1,"column":12},"end":{"line":50,"column":1}},"line":1},"1":{"name":"_interopRequireDefault","decl":{"start":{"line":20,"column":9},"end":{"line":20,"column":31}},"loc":{"start":{"line":20,"column":37},"end":{"line":20,"column":95}},"line":20},"2":{"name":"data","decl":{"start":{"line":23,"column":17},"end":{"line":23,"column":21}},"loc":{"start":{"line":23,"column":24},"end":{"line":28,"column":3}},"line":23},"3":{"name":"render","decl":{"start":{"line":53,"column":35},"end":{"line":53,"column":41}},"loc":{"start":{"line":53,"column":45},"end":{"line":53,"column":634}},"line":53},"4":{"name":"(anonymous_4)","decl":{"start":{"line":53,"column":307},"end":{"line":53,"column":308}},"loc":{"start":{"line":53,"column":322},"end":{"line":53,"column":343}},"line":53}},"branchMap":{"0":{"loc":{"start":{"line":20,"column":46},"end":{"line":20,"column":92}},"type":"cond-expr","locations":[{"start":{"line":20,"column":70},"end":{"line":20,"column":73}},{"start":{"line":20,"column":76},"end":{"line":20,"column":92}}],"line":20},"1":{"loc":{"start":{"line":20,"column":46},"end":{"line":20,"column":67}},"type":"binary-expr","locations":[{"start":{"line":20,"column":46},"end":{"line":20,"column":49}},{"start":{"line":20,"column":53},"end":{"line":20,"column":67}}],"line":20},"2":{"loc":{"start":{"line":51,"column":0},"end":{"line":51,"column":70}},"type":"if","locations":[{"start":{"line":51,"column":0},"end":{"line":51,"column":70}},{"start":{"line":51,"column":0},"end":{"line":51,"column":70}}],"line":51},"3":{"loc":{"start":{"line":52,"column":24},"end":{"line":52,"column":100}},"type":"cond-expr","locations":[{"start":{"line":52,"column":62},"end":{"line":52,"column":84}},{"start":{"line":52,"column":86},"end":{"line":52,"column":100}}],"line":52},"4":{"loc":{"start":{"line":53,"column":92},"end":{"line":53,"column":108}},"type":"binary-expr","locations":[{"start":{"line":53,"column":92},"end":{"line":53,"column":104}},{"start":{"line":53,"column":106},"end":{"line":53,"column":108}}],"line":53},"5":{"loc":{"start":{"line":53,"column":384},"end":{"line":53,"column":470}},"type":"cond-expr","locations":[{"start":{"line":53,"column":402},"end":{"line":53,"column":461}},{"start":{"line":53,"column":462},"end":{"line":53,"column":470}}],"line":53}},"s":{"0":1,"1":1,"2":1,"3":1,"4":1,"5":1,"6":1,"7":1,"8":3,"9":1,"10":1,"11":1,"12":1,"13":1,"14":1,"15":1,"16":1,"17":1,"18":1,"19":0,"20":1},"f":{"0":1,"1":3,"2":1,"3":1,"4":0},"b":{"0":[0,3],"1":[3,3],"2":[1,0],"3":[0,1],"4":[1,0],"5":[1,0]},"_coverageSchema":"332fd63041d2c1bcb487cc26dd0d5f7d97098a6c","hash":"db821828756b0c0a6079b234e4ad1a97b00e2f40"}
,"d:\\test\\vue\\test\\vue-unit\\src\\components\\Main.vue": {"path":"d:\\test\\vue\\test\\vue-unit\\src\\components\\Main.vue","statementMap":{"0":{"start":{"line":18,"column":0},"end":{"line":null,"column":-1}},"1":{"start":{"line":19,"column":0},"end":{"line":null,"column":-1}},"2":{"start":{"line":20,"column":0},"end":{"line":null,"column":-1}},"3":{"start":{"line":23,"column":0},"end":{"line":null,"column":-1}},"4":{"start":{"line":24,"column":0},"end":{"line":26,"column":0}}},"fnMap":{"0":{"name":"data","decl":{"start":{"line":23,"column":0},"end":{"line":null,"column":-1}},"loc":{"start":{"line":23,"column":0},"end":{"line":28,"column":0}}}},"branchMap":{},"s":{"0":0,"1":0,"2":0,"3":0,"4":0},"f":{"0":0},"b":{}}
,"D:\\test\\vue\\test\\vue-unit\\src\\components\\Select.vue": {"path":"D:\\test\\vue\\test\\vue-unit\\src\\components\\Select.vue","statementMap":{"0":{"start":{"line":1,"column":1},"end":{"line":48,"column":4}},"1":{"start":{"line":4,"column":0},"end":{"line":6,"column":3}},"2":{"start":{"line":25,"column":0},"end":{"line":47,"column":2}},"3":{"start":{"line":27,"column":4},"end":{"line":45,"column":6}},"4":{"start":{"line":49,"column":0},"end":{"line":49,"column":70}},"5":{"start":{"line":49,"column":31},"end":{"line":49,"column":70}},"6":{"start":{"line":50,"column":24},"end":{"line":50,"column":100}},"7":{"start":{"line":51,"column":0},"end":{"line":51,"column":429}},"8":{"start":{"line":51,"column":54},"end":{"line":51,"column":58}},"9":{"start":{"line":51,"column":66},"end":{"line":51,"column":84}},"10":{"start":{"line":51,"column":92},"end":{"line":51,"column":108}},"11":{"start":{"line":51,"column":109},"end":{"line":51,"column":428}},"12":{"start":{"line":51,"column":262},"end":{"line":51,"column":275}},"13":{"start":{"line":51,"column":334},"end":{"line":51,"column":419}},"14":{"start":{"line":52,"column":0},"end":{"line":52,"column":37}}},"fnMap":{"0":{"name":"(anonymous_0)","decl":{"start":{"line":1,"column":2},"end":{"line":1,"column":3}},"loc":{"start":{"line":1,"column":12},"end":{"line":48,"column":1}},"line":1},"1":{"name":"data","decl":{"start":{"line":26,"column":17},"end":{"line":26,"column":21}},"loc":{"start":{"line":26,"column":24},"end":{"line":46,"column":3}},"line":26},"2":{"name":"render","decl":{"start":{"line":51,"column":35},"end":{"line":51,"column":41}},"loc":{"start":{"line":51,"column":45},"end":{"line":51,"column":429}},"line":51},"3":{"name":"(anonymous_3)","decl":{"start":{"line":51,"column":246},"end":{"line":51,"column":247}},"loc":{"start":{"line":51,"column":261},"end":{"line":51,"column":276}},"line":51},"4":{"name":"(anonymous_4)","decl":{"start":{"line":51,"column":319},"end":{"line":51,"column":320}},"loc":{"start":{"line":51,"column":333},"end":{"line":51,"column":420}},"line":51}},"branchMap":{"0":{"loc":{"start":{"line":49,"column":0},"end":{"line":49,"column":70}},"type":"if","locations":[{"start":{"line":49,"column":0},"end":{"line":49,"column":70}},{"start":{"line":49,"column":0},"end":{"line":49,"column":70}}],"line":49},"1":{"loc":{"start":{"line":50,"column":24},"end":{"line":50,"column":100}},"type":"cond-expr","locations":[{"start":{"line":50,"column":62},"end":{"line":50,"column":84}},{"start":{"line":50,"column":86},"end":{"line":50,"column":100}}],"line":50},"2":{"loc":{"start":{"line":51,"column":92},"end":{"line":51,"column":108}},"type":"binary-expr","locations":[{"start":{"line":51,"column":92},"end":{"line":51,"column":104}},{"start":{"line":51,"column":106},"end":{"line":51,"column":108}}],"line":51}},"s":{"0":1,"1":1,"2":1,"3":1,"4":1,"5":1,"6":1,"7":1,"8":1,"9":1,"10":1,"11":1,"12":0,"13":5,"14":1},"f":{"0":1,"1":1,"2":1,"3":0,"4":5},"b":{"0":[1,0],"1":[0,1],"2":[1,0]},"_coverageSchema":"332fd63041d2c1bcb487cc26dd0d5f7d97098a6c","hash":"bf7709d941c5b31d5f0c6de348eedd33c9e82dda"}
,"d:\\test\\vue\\test\\vue-unit\\src\\components\\Select.vue": {"path":"d:\\test\\vue\\test\\vue-unit\\src\\components\\Select.vue","statementMap":{"0":{"start":{"line":20,"column":0},"end":{"line":null,"column":-1}},"1":{"start":{"line":21,"column":0},"end":{"line":38,"column":0}}},"fnMap":{"0":{"name":"data","decl":{"start":{"line":20,"column":0},"end":{"line":null,"column":-1}},"loc":{"start":{"line":20,"column":0},"end":{"line":40,"column":0}}}},"branchMap":{},"s":{"0":0,"1":0},"f":{"0":0},"b":{}}
}
