TN:
SF:D:\test\vue\test\vue-unit\src\components\Form.vue
FN:1,(anonymous_0)
FN:12,_interopRequireDefault
FN:15,data
FN:30,_default
FN:41,handler
FN:49,submitForm
FN:52,(anonymous_6)
FN:55,(anonymous_7)
FN:67,resetForm
FN:99,render
FN:99,(anonymous_10)
FN:99,(anonymous_11)
FN:99,(anonymous_12)
FN:99,(anonymous_13)
FN:99,(anonymous_14)
FNF:15
FNH:8
FNDA:3,(anonymous_0)
FNDA:3,_interopRequireDefault
FNDA:5,data
FNDA:0,_default
FNDA:0,handler
FNDA:4,submitForm
FNDA:4,(anonymous_6)
FNDA:1,(anonymous_7)
FNDA:0,resetForm
FNDA:5,render
FNDA:0,(anonymous_10)
FNDA:0,(anonymous_11)
FNDA:0,(anonymous_12)
FNDA:4,(anonymous_13)
FNDA:0,(anonymous_14)
DA:1,3
DA:4,3
DA:8,3
DA:10,3
DA:12,3
DA:14,3
DA:16,5
DA:32,0
DA:33,0
DA:34,0
DA:42,0
DA:50,4
DA:52,4
DA:53,4
DA:54,1
DA:55,1
DA:56,1
DA:57,1
DA:59,0
DA:63,3
DA:68,0
DA:97,3
DA:98,3
DA:99,5
DA:100,3
LF:25
LH:19
BRDA:12,0,0,0
BRDA:12,0,1,3
BRDA:12,1,0,3
BRDA:12,1,1,3
BRDA:53,2,0,1
BRDA:53,2,1,3
BRDA:56,3,0,1
BRDA:56,3,1,0
BRDA:97,4,0,3
BRDA:97,4,1,0
BRDA:98,5,0,0
BRDA:98,5,1,3
BRDA:99,6,0,5
BRDA:99,6,1,0
BRF:14
BRH:9
end_of_record
TN:
SF:d:\test\vue\test\vue-unit\src\components\Form.vue
FN:29,data
FN:50,_default
FN:61,handler
FN:68,submitForm
FN:69,(anonymous_6)
FN:72,(anonymous_7)
FN:84,resetForm
FNF:7
FNH:0
FNDA:0,data
FNDA:0,_default
FNDA:0,handler
FNDA:0,submitForm
FNDA:0,(anonymous_6)
FNDA:0,(anonymous_7)
FNDA:0,resetForm
DA:27,0
DA:29,0
DA:30,0
DA:51,0
DA:52,0
DA:53,0
DA:54,0
DA:61,0
DA:62,0
DA:68,0
DA:69,0
DA:70,0
DA:71,0
DA:72,0
DA:73,0
DA:74,0
DA:75,0
DA:76,0
DA:79,0
DA:80,0
DA:84,0
DA:85,0
LF:22
LH:0
BRDA:70,0,0,0
BRDA:70,0,1,0
BRDA:73,1,0,0
BRDA:73,1,1,0
BRF:4
BRH:0
end_of_record
TN:
SF:D:\test\vue\test\vue-unit\src\components\Main.vue
FN:1,(anonymous_0)
FN:16,_interopRequireDefault
FN:35,data
FN:54,render
FN:54,(anonymous_4)
FNF:5
FNH:4
FNDA:1,(anonymous_0)
FNDA:2,_interopRequireDefault
FNDA:1,data
FNDA:2,render
FNDA:0,(anonymous_4)
DA:1,1
DA:4,1
DA:8,1
DA:10,1
DA:12,1
DA:14,1
DA:16,2
DA:34,1
DA:36,1
DA:52,1
DA:53,1
DA:54,2
DA:55,1
LF:13
LH:13
BRDA:16,0,0,0
BRDA:16,0,1,2
BRDA:16,1,0,2
BRDA:16,1,1,2
BRDA:52,2,0,1
BRDA:52,2,1,0
BRDA:53,3,0,0
BRDA:53,3,1,1
BRDA:54,4,0,2
BRDA:54,4,1,0
BRDA:54,5,0,1
BRDA:54,5,1,1
BRF:12
BRH:8
end_of_record
TN:
SF:d:\test\vue\test\vue-unit\src\components\Main.vue
FN:21,data
FNF:1
FNH:0
FNDA:0,data
DA:17,0
DA:18,0
DA:21,0
DA:22,0
LF:4
LH:0
BRF:0
BRH:0
end_of_record
