TN:
SF:D:\test\vue\test\vue-unit\src\components\Form.vue
FN:1,(anonymous_0)
FN:12,_interopRequireDefault
FN:15,data
FN:36,submitForm
FN:37,(anonymous_4)
FN:39,(anonymous_5)
FN:48,resetForm
FN:80,render
FN:80,(anonymous_8)
FN:80,(anonymous_9)
FN:80,(anonymous_10)
FN:80,(anonymous_11)
FN:80,(anonymous_12)
FNF:13
FNH:4
FNDA:1,(anonymous_0)
FNDA:1,_interopRequireDefault
FNDA:1,data
FNDA:0,submitForm
FNDA:0,(anonymous_4)
FNDA:0,(anonymous_5)
FNDA:0,resetForm
FNDA:1,render
FNDA:0,(anonymous_8)
FNDA:0,(anonymous_9)
FNDA:0,(anonymous_10)
FNDA:0,(anonymous_11)
FNDA:0,(anonymous_12)
DA:1,1
DA:4,1
DA:8,1
DA:10,1
DA:12,1
DA:14,1
DA:16,1
DA:37,0
DA:38,0
DA:39,0
DA:40,0
DA:43,0
DA:44,0
DA:49,0
DA:78,1
DA:79,1
DA:80,1
DA:81,1
LF:18
LH:11
BRDA:12,0,0,0
BRDA:12,0,1,1
BRDA:12,1,0,1
BRDA:12,1,1,1
BRDA:38,2,0,0
BRDA:38,2,1,0
BRDA:78,3,0,1
BRDA:78,3,1,0
BRDA:79,4,0,0
BRDA:79,4,1,1
BRDA:80,5,0,1
BRDA:80,5,1,0
BRF:12
BRH:6
end_of_record
TN:
SF:d:\test\vue\test\vue-unit\src\components\Form.vue
FN:29,data
FN:56,submitForm
FN:57,(anonymous_4)
FN:59,(anonymous_5)
FN:68,resetForm
FNF:5
FNH:0
FNDA:0,data
FNDA:0,submitForm
FNDA:0,(anonymous_4)
FNDA:0,(anonymous_5)
FNDA:0,resetForm
DA:27,0
DA:29,0
DA:30,0
DA:56,0
DA:57,0
DA:58,0
DA:59,0
DA:60,0
DA:62,0
DA:63,0
DA:64,0
DA:68,0
DA:69,0
LF:13
LH:0
BRDA:58,0,0,0
BRDA:58,0,1,0
BRF:2
BRH:0
end_of_record
TN:
SF:D:\test\vue\test\vue-unit\src\components\Main.vue
FN:1,(anonymous_0)
FN:20,_interopRequireDefault
FN:23,data
FN:53,render
FN:53,(anonymous_4)
FNF:5
FNH:4
FNDA:1,(anonymous_0)
FNDA:3,_interopRequireDefault
FNDA:1,data
FNDA:1,render
FNDA:0,(anonymous_4)
DA:1,1
DA:4,1
DA:8,1
DA:10,1
DA:12,1
DA:14,1
DA:16,1
DA:18,1
DA:20,3
DA:22,1
DA:24,1
DA:51,1
DA:52,1
DA:53,1
DA:54,1
LF:15
LH:15
BRDA:20,0,0,0
BRDA:20,0,1,3
BRDA:20,1,0,3
BRDA:20,1,1,3
BRDA:51,2,0,1
BRDA:51,2,1,0
BRDA:52,3,0,0
BRDA:52,3,1,1
BRDA:53,4,0,1
BRDA:53,4,1,0
BRDA:53,5,0,1
BRDA:53,5,1,0
BRF:12
BRH:7
end_of_record
TN:
SF:d:\test\vue\test\vue-unit\src\components\Main.vue
FN:23,data
FNF:1
FNH:0
FNDA:0,data
DA:18,0
DA:19,0
DA:20,0
DA:23,0
DA:24,0
LF:5
LH:0
BRF:0
BRH:0
end_of_record
TN:
SF:D:\test\vue\test\vue-unit\src\components\Select.vue
FN:1,(anonymous_0)
FN:26,data
FN:51,render
FN:51,(anonymous_3)
FN:51,(anonymous_4)
FNF:5
FNH:4
FNDA:1,(anonymous_0)
FNDA:1,data
FNDA:1,render
FNDA:0,(anonymous_3)
FNDA:5,(anonymous_4)
DA:1,1
DA:4,1
DA:25,1
DA:27,1
DA:49,1
DA:50,1
DA:51,5
DA:52,1
LF:8
LH:8
BRDA:49,0,0,1
BRDA:49,0,1,0
BRDA:50,1,0,0
BRDA:50,1,1,1
BRDA:51,2,0,1
BRDA:51,2,1,0
BRF:6
BRH:3
end_of_record
TN:
SF:d:\test\vue\test\vue-unit\src\components\Select.vue
FN:20,data
FNF:1
FNH:0
FNDA:0,data
DA:20,0
DA:21,0
LF:2
LH:0
BRF:0
BRH:0
end_of_record
